<?xml version="1.0" encoding="utf-8"?><testsuites><testsuite name="pytest" errors="0" failures="0" skipped="0" tests="6" time="16.718" timestamp="2024-02-24T10:03:47.081029" hostname="Eli"><testcase classname="test_app.Test_application" name="test_reverse_valid_input[data0]" time="6.178" /><testcase classname="test_app.Test_application" name="test_reverse_valid_input[data1]" time="0.015" /><testcase classname="test_app.Test_application" name="test_restore_valid_input" time="0.015" /><testcase classname="test_app.Test_application" name="test_reverse_empty_input" time="0.017" /><testcase classname="test_app.Test_application" name="test_restore_empty_input" time="0.015" /><testcase classname="test_app.Test_application" name="test_restore_invalid_input" time="10.352" /></testsuite></testsuites>